This is ApacheBench, Version 2.3 <$Revision: 655654 $>
Copyright 1996 Adam Twiss, Zeus Technology Ltd, http://www.zeustech.net/
Licensed to The Apache Software Foundation, http://www.apache.org/

Benchmarking localhost (be patient)


Server Software:        TritonHTTP/0.1
Server Hostname:        localhost
Server Port:            6065

Document Path:          /meg.png
Document Length:        1048576 bytes

Concurrency Level:      20
Time taken for tests:   139.150 seconds
Complete requests:      1000
Failed requests:        0
Write errors:           0
Total transferred:      1048715000 bytes
HTML transferred:       1048576000 bytes
Requests per second:    7.19 [#/sec] (mean)
Time per request:       2783.005 [ms] (mean)
Time per request:       139.150 [ms] (mean, across all concurrent requests)
Transfer rate:          7359.93 [Kbytes/sec] received

Connection Times (ms)
              min  mean[+/-sd] median   max
Connect:        0    0   0.1      0       1
Processing:   582 2748 221.2   2768    3209
Waiting:      564 2734 220.5   2753    3167
Total:        583 2748 221.1   2769    3209

Percentage of the requests served within a certain time (ms)
  50%   2769
  66%   2807
  75%   2829
  80%   2846
  90%   2902
  95%   2948
  98%   2999
  99%   3015
 100%   3209 (longest request)
