This is ApacheBench, Version 2.3 <$Revision: 655654 $>
Copyright 1996 Adam Twiss, Zeus Technology Ltd, http://www.zeustech.net/
Licensed to The Apache Software Foundation, http://www.apache.org/

Benchmarking localhost (be patient).....done


Server Software:        TritonHTTP/0.1
Server Hostname:        localhost
Server Port:            6062

Document Path:          /meg.png
Document Length:        1048576 bytes

Concurrency Level:      4
Time taken for tests:   3.329 seconds
Complete requests:      100
Failed requests:        0
Write errors:           0
Total transferred:      104871500 bytes
HTML transferred:       104857600 bytes
Requests per second:    30.03 [#/sec] (mean)
Time per request:       133.179 [ms] (mean)
Time per request:       33.295 [ms] (mean, across all concurrent requests)
Transfer rate:          30759.60 [Kbytes/sec] received

Connection Times (ms)
              min  mean[+/-sd] median   max
Connect:        0    0   0.1      0       1
Processing:   114  128  16.4    120     175
Waiting:      112  126  16.2    118     173
Total:        114  128  16.5    120     175

Percentage of the requests served within a certain time (ms)
  50%    120
  66%    126
  75%    136
  80%    140
  90%    158
  95%    168
  98%    175
  99%    175
 100%    175 (longest request)
