This is ApacheBench, Version 2.3 <$Revision: 655654 $>
Copyright 1996 Adam Twiss, Zeus Technology Ltd, http://www.zeustech.net/
Licensed to The Apache Software Foundation, http://www.apache.org/

Benchmarking localhost (be patient)


Server Software:        TritonHTTP/0.1
Server Hostname:        localhost
Server Port:            6061

Document Path:          /ten_meg.png
Document Length:        10485760 bytes

Concurrency Level:      3
Time taken for tests:   77.353 seconds
Complete requests:      200
Failed requests:        0
Write errors:           0
Total transferred:      2097180000 bytes
HTML transferred:       2097152000 bytes
Requests per second:    2.59 [#/sec] (mean)
Time per request:       1160.299 [ms] (mean)
Time per request:       386.766 [ms] (mean, across all concurrent requests)
Transfer rate:          26476.28 [Kbytes/sec] received

Connection Times (ms)
              min  mean[+/-sd] median   max
Connect:        0    0   0.1      0       2
Processing:  1094 1141  47.0   1132    1549
Waiting:     1082 1126  46.1   1116    1535
Total:       1094 1141  46.9   1132    1549

Percentage of the requests served within a certain time (ms)
  50%   1132
  66%   1141
  75%   1151
  80%   1159
  90%   1177
  95%   1215
  98%   1294
  99%   1356
 100%   1549 (longest request)
