This is ApacheBench, Version 2.3 <$Revision: 655654 $>
Copyright 1996 Adam Twiss, Zeus Technology Ltd, http://www.zeustech.net/
Licensed to The Apache Software Foundation, http://www.apache.org/

Benchmarking localhost (be patient)


Server Software:        TritonHTTP/0.1
Server Hostname:        localhost
Server Port:            6062

Document Path:          /ten_meg.png
Document Length:        10485760 bytes

Concurrency Level:      3
Time taken for tests:   76.773 seconds
Complete requests:      200
Failed requests:        0
Write errors:           0
Total transferred:      2097180000 bytes
HTML transferred:       2097152000 bytes
Requests per second:    2.61 [#/sec] (mean)
Time per request:       1151.600 [ms] (mean)
Time per request:       383.867 [ms] (mean, across all concurrent requests)
Transfer rate:          26676.28 [Kbytes/sec] received

Connection Times (ms)
              min  mean[+/-sd] median   max
Connect:        0    0   0.1      0       0
Processing:  1096 1130  22.6   1126    1217
Waiting:     1080 1114  22.3   1108    1201
Total:       1096 1130  22.6   1126    1217

Percentage of the requests served within a certain time (ms)
  50%   1126
  66%   1134
  75%   1139
  80%   1147
  90%   1163
  95%   1179
  98%   1192
  99%   1215
 100%   1217 (longest request)
