This is ApacheBench, Version 2.3 <$Revision: 655654 $>
Copyright 1996 Adam Twiss, Zeus Technology Ltd, http://www.zeustech.net/
Licensed to The Apache Software Foundation, http://www.apache.org/

Benchmarking localhost (be patient)


Server Software:        TritonHTTP/0.1
Server Hostname:        localhost
Server Port:            6065

Document Path:          /meg.png
Document Length:        1048576 bytes

Concurrency Level:      4
Time taken for tests:   160.931 seconds
Complete requests:      1000
Failed requests:        0
Write errors:           0
Total transferred:      1048715000 bytes
HTML transferred:       1048576000 bytes
Requests per second:    6.21 [#/sec] (mean)
Time per request:       643.722 [ms] (mean)
Time per request:       160.931 [ms] (mean, across all concurrent requests)
Transfer rate:          6363.84 [Kbytes/sec] received

Connection Times (ms)
              min  mean[+/-sd] median   max
Connect:        0    0   0.0      0       0
Processing:   488  641  45.1    647     775
Waiting:      486  629  43.4    632     770
Total:        488  641  45.1    647     775

Percentage of the requests served within a certain time (ms)
  50%    647
  66%    662
  75%    670
  80%    674
  90%    696
  95%    709
  98%    727
  99%    740
 100%    775 (longest request)
