This is ApacheBench, Version 2.3 <$Revision: 655654 $>
Copyright 1996 Adam Twiss, Zeus Technology Ltd, http://www.zeustech.net/
Licensed to The Apache Software Foundation, http://www.apache.org/

Benchmarking localhost (be patient)


Server Software:        TritonHTTP/0.1
Server Hostname:        localhost
Server Port:            6062

Document Path:          /ten_meg.png
Document Length:        10485760 bytes

Concurrency Level:      10
Time taken for tests:   60.555 seconds
Complete requests:      200
Failed requests:        0
Write errors:           0
Total transferred:      2097180000 bytes
HTML transferred:       2097152000 bytes
Requests per second:    3.30 [#/sec] (mean)
Time per request:       3027.758 [ms] (mean)
Time per request:       302.776 [ms] (mean, across all concurrent requests)
Transfer rate:          33820.86 [Kbytes/sec] received

Connection Times (ms)
              min  mean[+/-sd] median   max
Connect:        0    0   0.5      0       6
Processing:  1109 2923 566.5   2845    4598
Waiting:     1092 2902 564.0   2828    4554
Total:       1110 2923 566.5   2845    4598

Percentage of the requests served within a certain time (ms)
  50%   2845
  66%   3111
  75%   3224
  80%   3323
  90%   3788
  95%   3907
  98%   4169
  99%   4275
 100%   4598 (longest request)
