This is ApacheBench, Version 2.3 <$Revision: 655654 $>
Copyright 1996 Adam Twiss, Zeus Technology Ltd, http://www.zeustech.net/
Licensed to The Apache Software Foundation, http://www.apache.org/

Benchmarking localhost (be patient).....done


Server Software:        TritonHTTP/0.1
Server Hostname:        localhost
Server Port:            6062

Document Path:          /meg.png
Document Length:        1048576 bytes

Concurrency Level:      20
Time taken for tests:   3.314 seconds
Complete requests:      100
Failed requests:        0
Write errors:           0
Total transferred:      104871500 bytes
HTML transferred:       104857600 bytes
Requests per second:    30.17 [#/sec] (mean)
Time per request:       662.839 [ms] (mean)
Time per request:       33.142 [ms] (mean, across all concurrent requests)
Transfer rate:          30901.47 [Kbytes/sec] received

Connection Times (ms)
              min  mean[+/-sd] median   max
Connect:        0    0   0.5      0       2
Processing:   125  618  99.6    645     756
Waiting:      121  605  97.1    635     732
Total:        125  618  99.6    645     756

Percentage of the requests served within a certain time (ms)
  50%    645
  66%    669
  75%    687
  80%    710
  90%    721
  95%    737
  98%    745
  99%    756
 100%    756 (longest request)
