This is ApacheBench, Version 2.3 <$Revision: 655654 $>
Copyright 1996 Adam Twiss, Zeus Technology Ltd, http://www.zeustech.net/
Licensed to The Apache Software Foundation, http://www.apache.org/

Benchmarking localhost (be patient)


Server Software:        TritonHTTP/0.1
Server Hostname:        localhost
Server Port:            6066

Document Path:          /meg.png
Document Length:        1048576 bytes

Concurrency Level:      2
Time taken for tests:   59.719 seconds
Complete requests:      1000
Failed requests:        0
Write errors:           0
Total transferred:      1048715000 bytes
HTML transferred:       1048576000 bytes
Requests per second:    16.75 [#/sec] (mean)
Time per request:       119.438 [ms] (mean)
Time per request:       59.719 [ms] (mean, across all concurrent requests)
Transfer rate:          17149.29 [Kbytes/sec] received

Connection Times (ms)
              min  mean[+/-sd] median   max
Connect:        0    0   0.2      0       5
Processing:   114  119   4.4    118     153
Waiting:      112  117   4.4    116     151
Total:        114  119   4.4    118     153

Percentage of the requests served within a certain time (ms)
  50%    118
  66%    119
  75%    120
  80%    121
  90%    123
  95%    127
  98%    133
  99%    143
 100%    153 (longest request)
