This is ApacheBench, Version 2.3 <$Revision: 655654 $>
Copyright 1996 Adam Twiss, Zeus Technology Ltd, http://www.zeustech.net/
Licensed to The Apache Software Foundation, http://www.apache.org/

Benchmarking localhost (be patient)


Server Software:        TritonHTTP/0.1
Server Hostname:        localhost
Server Port:            6061

Document Path:          /ten_meg.png
Document Length:        10485760 bytes

Concurrency Level:      10
Time taken for tests:   60.101 seconds
Complete requests:      200
Failed requests:        0
Write errors:           0
Total transferred:      2097180000 bytes
HTML transferred:       2097152000 bytes
Requests per second:    3.33 [#/sec] (mean)
Time per request:       3005.042 [ms] (mean)
Time per request:       300.504 [ms] (mean, across all concurrent requests)
Transfer rate:          34076.51 [Kbytes/sec] received

Connection Times (ms)
              min  mean[+/-sd] median   max
Connect:        0    0   1.2      0      12
Processing:  1140 2924 424.9   3008    3646
Waiting:     1123 2891 422.4   2977    3611
Total:       1141 2924 425.0   3008    3646

Percentage of the requests served within a certain time (ms)
  50%   3008
  66%   3155
  75%   3258
  80%   3303
  90%   3386
  95%   3450
  98%   3548
  99%   3602
 100%   3646 (longest request)
