This is ApacheBench, Version 2.3 <$Revision: 655654 $>
Copyright 1996 Adam Twiss, Zeus Technology Ltd, http://www.zeustech.net/
Licensed to The Apache Software Foundation, http://www.apache.org/

Benchmarking localhost (be patient)


Server Software:        TritonHTTP/0.1
Server Hostname:        localhost
Server Port:            6065

Document Path:          /meg.png
Document Length:        1048576 bytes

Concurrency Level:      2
Time taken for tests:   213.443 seconds
Complete requests:      1000
Failed requests:        0
Write errors:           0
Total transferred:      1048715000 bytes
HTML transferred:       1048576000 bytes
Requests per second:    4.69 [#/sec] (mean)
Time per request:       426.885 [ms] (mean)
Time per request:       213.443 [ms] (mean, across all concurrent requests)
Transfer rate:          4798.18 [Kbytes/sec] received

Connection Times (ms)
              min  mean[+/-sd] median   max
Connect:        0    0   0.0      0       0
Processing:   113  427 215.2    555     713
Waiting:      111  419 211.5    545     697
Total:        113  427 215.2    555     713

Percentage of the requests served within a certain time (ms)
  50%    555
  66%    569
  75%    581
  80%    589
  90%    612
  95%    632
  98%    661
  99%    675
 100%    713 (longest request)
