This is ApacheBench, Version 2.3 <$Revision: 655654 $>
Copyright 1996 Adam Twiss, Zeus Technology Ltd, http://www.zeustech.net/
Licensed to The Apache Software Foundation, http://www.apache.org/

Benchmarking localhost (be patient)


Server Software:        TritonHTTP/0.1
Server Hostname:        localhost
Server Port:            6064

Document Path:          /foo.html
Document Length:        37 bytes

Concurrency Level:      20
Time taken for tests:   1.228 seconds
Complete requests:      1000
Failed requests:        0
Write errors:           0
Total transferred:      171000 bytes
HTML transferred:       37000 bytes
Requests per second:    814.16 [#/sec] (mean)
Time per request:       24.565 [ms] (mean)
Time per request:       1.228 [ms] (mean, across all concurrent requests)
Transfer rate:          135.96 [Kbytes/sec] received

Connection Times (ms)
              min  mean[+/-sd] median   max
Connect:        0    0   0.5      0       5
Processing:     6   24   6.0     23      51
Waiting:        2   24   6.0     23      51
Total:          7   24   5.8     23      51

Percentage of the requests served within a certain time (ms)
  50%     23
  66%     25
  75%     27
  80%     29
  90%     33
  95%     37
  98%     38
  99%     39
 100%     51 (longest request)
