This is ApacheBench, Version 2.3 <$Revision: 655654 $>
Copyright 1996 Adam Twiss, Zeus Technology Ltd, http://www.zeustech.net/
Licensed to The Apache Software Foundation, http://www.apache.org/

Benchmarking localhost (be patient)


Server Software:        TritonHTTP/0.1
Server Hostname:        localhost
Server Port:            6063

Document Path:          /foo.html
Document Length:        37 bytes

Concurrency Level:      10
Time taken for tests:   1.006 seconds
Complete requests:      1000
Failed requests:        0
Write errors:           0
Total transferred:      171000 bytes
HTML transferred:       37000 bytes
Requests per second:    993.74 [#/sec] (mean)
Time per request:       10.063 [ms] (mean)
Time per request:       1.006 [ms] (mean, across all concurrent requests)
Transfer rate:          165.95 [Kbytes/sec] received

Connection Times (ms)
              min  mean[+/-sd] median   max
Connect:        0    0   0.1      0       1
Processing:     2   10   3.4     10      29
Waiting:        1   10   3.4     10      29
Total:          2   10   3.4     10      29

Percentage of the requests served within a certain time (ms)
  50%     10
  66%     10
  75%     11
  80%     11
  90%     12
  95%     15
  98%     22
  99%     26
 100%     29 (longest request)
