This is ApacheBench, Version 2.3 <$Revision: 655654 $>
Copyright 1996 Adam Twiss, Zeus Technology Ltd, http://www.zeustech.net/
Licensed to The Apache Software Foundation, http://www.apache.org/

Benchmarking localhost (be patient)


Server Software:        TritonHTTP/0.1
Server Hostname:        localhost
Server Port:            6063

Document Path:          /foo.html
Document Length:        37 bytes

Concurrency Level:      4
Time taken for tests:   1.064 seconds
Complete requests:      1000
Failed requests:        0
Write errors:           0
Total transferred:      171000 bytes
HTML transferred:       37000 bytes
Requests per second:    939.89 [#/sec] (mean)
Time per request:       4.256 [ms] (mean)
Time per request:       1.064 [ms] (mean, across all concurrent requests)
Transfer rate:          156.95 [Kbytes/sec] received

Connection Times (ms)
              min  mean[+/-sd] median   max
Connect:        0    0   0.1      0       1
Processing:     0    4   1.7      4      20
Waiting:        0    4   1.7      4      20
Total:          0    4   1.7      4      20

Percentage of the requests served within a certain time (ms)
  50%      4
  66%      4
  75%      5
  80%      5
  90%      6
  95%      7
  98%      9
  99%     11
 100%     20 (longest request)
