This is ApacheBench, Version 2.3 <$Revision: 655654 $>
Copyright 1996 Adam Twiss, Zeus Technology Ltd, http://www.zeustech.net/
Licensed to The Apache Software Foundation, http://www.apache.org/

Benchmarking localhost (be patient)


Server Software:        TritonHTTP/0.1
Server Hostname:        localhost
Server Port:            6063

Document Path:          /foo.html
Document Length:        37 bytes

Concurrency Level:      5
Time taken for tests:   1.074 seconds
Complete requests:      1000
Failed requests:        0
Write errors:           0
Total transferred:      171171 bytes
HTML transferred:       37037 bytes
Requests per second:    930.67 [#/sec] (mean)
Time per request:       5.372 [ms] (mean)
Time per request:       1.074 [ms] (mean, across all concurrent requests)
Transfer rate:          155.57 [Kbytes/sec] received

Connection Times (ms)
              min  mean[+/-sd] median   max
Connect:        0    0   0.1      0       1
Processing:     0    5   1.8      5      20
Waiting:        0    5   1.8      5      19
Total:          1    5   1.8      5      20

Percentage of the requests served within a certain time (ms)
  50%      5
  66%      5
  75%      6
  80%      6
  90%      7
  95%      8
  98%     10
  99%     13
 100%     20 (longest request)
