This is ApacheBench, Version 2.3 <$Revision: 655654 $>
Copyright 1996 Adam Twiss, Zeus Technology Ltd, http://www.zeustech.net/
Licensed to The Apache Software Foundation, http://www.apache.org/

Benchmarking localhost (be patient)


Server Software:        TritonHTTP/0.1
Server Hostname:        localhost
Server Port:            6064

Document Path:          /foo.html
Document Length:        37 bytes

Concurrency Level:      5
Time taken for tests:   1.078 seconds
Complete requests:      1000
Failed requests:        0
Write errors:           0
Total transferred:      171000 bytes
HTML transferred:       37000 bytes
Requests per second:    928.03 [#/sec] (mean)
Time per request:       5.388 [ms] (mean)
Time per request:       1.078 [ms] (mean, across all concurrent requests)
Transfer rate:          154.97 [Kbytes/sec] received

Connection Times (ms)
              min  mean[+/-sd] median   max
Connect:        0    0   0.2      0       3
Processing:     0    5   2.0      5      18
Waiting:        0    5   2.0      5      18
Total:          0    5   2.0      5      18

Percentage of the requests served within a certain time (ms)
  50%      5
  66%      6
  75%      6
  80%      6
  90%      7
  95%      9
  98%     10
  99%     13
 100%     18 (longest request)
