This is ApacheBench, Version 2.3 <$Revision: 655654 $>
Copyright 1996 Adam Twiss, Zeus Technology Ltd, http://www.zeustech.net/
Licensed to The Apache Software Foundation, http://www.apache.org/

Benchmarking localhost (be patient)


Server Software:        TritonHTTP/0.1
Server Hostname:        localhost
Server Port:            6064

Document Path:          /foo.html
Document Length:        37 bytes

Concurrency Level:      10
Time taken for tests:   1.084 seconds
Complete requests:      1000
Failed requests:        0
Write errors:           0
Total transferred:      171000 bytes
HTML transferred:       37000 bytes
Requests per second:    922.64 [#/sec] (mean)
Time per request:       10.838 [ms] (mean)
Time per request:       1.084 [ms] (mean, across all concurrent requests)
Transfer rate:          154.07 [Kbytes/sec] received

Connection Times (ms)
              min  mean[+/-sd] median   max
Connect:        0    0   0.3      0       4
Processing:     1   11   3.8     10      37
Waiting:        1   11   3.8     10      37
Total:          1   11   3.8     10      37

Percentage of the requests served within a certain time (ms)
  50%     10
  66%     11
  75%     12
  80%     13
  90%     15
  95%     16
  98%     19
  99%     30
 100%     37 (longest request)
