This is ApacheBench, Version 2.3 <$Revision: 655654 $>
Copyright 1996 Adam Twiss, Zeus Technology Ltd, http://www.zeustech.net/
Licensed to The Apache Software Foundation, http://www.apache.org/

Benchmarking localhost (be patient)


Server Software:        TritonHTTP/0.1
Server Hostname:        localhost
Server Port:            6063

Document Path:          /foo.html
Document Length:        37 bytes

Concurrency Level:      3
Time taken for tests:   0.997 seconds
Complete requests:      1000
Failed requests:        0
Write errors:           0
Total transferred:      171000 bytes
HTML transferred:       37000 bytes
Requests per second:    1003.11 [#/sec] (mean)
Time per request:       2.991 [ms] (mean)
Time per request:       0.997 [ms] (mean, across all concurrent requests)
Transfer rate:          167.51 [Kbytes/sec] received

Connection Times (ms)
              min  mean[+/-sd] median   max
Connect:        0    0   0.1      0       1
Processing:     0    3   1.2      3      17
Waiting:        0    3   1.2      3      16
Total:          1    3   1.2      3      17

Percentage of the requests served within a certain time (ms)
  50%      3
  66%      3
  75%      3
  80%      3
  90%      4
  95%      4
  98%      6
  99%      7
 100%     17 (longest request)
