This is ApacheBench, Version 2.3 <$Revision: 655654 $>
Copyright 1996 Adam Twiss, Zeus Technology Ltd, http://www.zeustech.net/
Licensed to The Apache Software Foundation, http://www.apache.org/

Benchmarking localhost (be patient)


Server Software:        TritonHTTP/0.1
Server Hostname:        localhost
Server Port:            6064

Document Path:          /foo.html
Document Length:        37 bytes

Concurrency Level:      3
Time taken for tests:   0.977 seconds
Complete requests:      1000
Failed requests:        0
Write errors:           0
Total transferred:      171000 bytes
HTML transferred:       37000 bytes
Requests per second:    1023.12 [#/sec] (mean)
Time per request:       2.932 [ms] (mean)
Time per request:       0.977 [ms] (mean, across all concurrent requests)
Transfer rate:          170.85 [Kbytes/sec] received

Connection Times (ms)
              min  mean[+/-sd] median   max
Connect:        0    0   0.2      0       5
Processing:     0    3   1.4      3      16
Waiting:        0    3   1.4      3      16
Total:          0    3   1.4      3      16

Percentage of the requests served within a certain time (ms)
  50%      3
  66%      3
  75%      3
  80%      3
  90%      4
  95%      5
  98%      7
  99%      9
 100%     16 (longest request)
